Arguments: 
  C:\Program Files\nodejs\node.exe C:\Users\akannan\AppData\Roaming\npm\node_modules\yarn\bin\yarn.js add @material-ui/core

PATH: 
  C:\Program Files\Common Files\Oracle\Java\javapath;C:\app\akannan\virtual\product\12.2.0\dbhome_3\bin;C:\Windows\system32;C:\Windows;C:\Windows\System32\Wbem;C:\Windows\System32\WindowsPowerShell\v1.0\;C:\Windows\System32\OpenSSH\;C:\Program Files (x86)\NVIDIA Corporation\PhysX\Common;C:\WINDOWS\system32;C:\WINDOWS;C:\WINDOWS\System32\Wbem;C:\WINDOWS\System32\WindowsPowerShell\v1.0\;C:\WINDOWS\System32\OpenSSH\;C:\Program Files\Java\jdk-11.0.10\bin;C:\Program Files\Git\cmd;C:\Program Files\nodejs\;C:\Python27;C:\Program Files\PuTTY\;C:\Program Files\MongoDB\Server\4.4\bin;C:\Program Files\heroku\bin;C:\Users\akannan\AppData\Local\Microsoft\WindowsApps;C:\Users\akannan\AppData\Local\Programs\Microsoft VS Code\bin;C:\Users\akannan\AppData\Roaming\npm;C:\Program Files\heroku\bin;

Yarn version: 
  1.22.10

Node version: 
  14.15.1

Platform: 
  win32 x64

Trace: 
  Error: https://registry.yarnpkg.com/@material-ui/icons/-/icons-4.11.2.tgz: ESOCKETTIMEDOUT
      at ClientRequest.<anonymous> (C:\Users\akannan\AppData\Roaming\npm\node_modules\yarn\lib\cli.js:141289:19)
      at Object.onceWrapper (events.js:421:28)
      at ClientRequest.emit (events.js:315:20)
      at TLSSocket.emitRequestTimeout (_http_client.js:784:9)
      at Object.onceWrapper (events.js:421:28)
      at TLSSocket.emit (events.js:327:22)
      at TLSSocket.Socket._onTimeout (net.js:483:8)
      at listOnTimeout (internal/timers.js:554:17)
      at processTimers (internal/timers.js:497:7)

npm manifest: 
  {
    "name": "react",
    "version": "1.0.0",
    "description": "React example starter project",
    "keywords": [
      "react",
      "starter"
    ],
    "main": "src/index.js",
    "dependencies": {
      "@material-ui/icons": "^4.11.2",
      "axios": "^0.21.1",
      "bootstrap": "4.6.0",
      "moment": "^2.29.1",
      "react": "17.0.1",
      "react-bootstrap": "1.5.0",
      "react-dom": "17.0.1",
      "react-scripts": "4.0.0"
    },
    "devDependencies": {
      "typescript": "4.1.3"
    },
    "scripts": {
      "start": "react-scripts start",
      "build": "react-scripts build",
      "test": "react-scripts test --env=jsdom",
      "eject": "react-scripts eject"
    },
    "browserslist": [
      ">0.2%",
      "not dead",
      "not ie <= 11",
      "not op_mini all"
    ]
  }

yarn manifest: 
  No manifest

Lockfile: 
  No lockfile
